This file contains any messages produced by compilers while
running configure, to aid debugging if configure makes a mistake.

It was created by cencalvm configure 0.8.1, which was
generated by GNU Autoconf 2.67.  Invocation command line was

  $ ./configure --prefix=/projects/life9360/code/sw4-v1.1 CPPFLAGS=-I/projects/life9360/code/sw4-v1.1/include LDFLAGS=-L/projects/life9360/code/sw4-v1.1/lib

## --------- ##
## Platform. ##
## --------- ##

hostname = login03.rc.colorado.edu
uname -m = x86_64
uname -r = 2.6.32-431.5.1.el6.x86_64
uname -s = Linux
uname -v = #1 SMP Fri Jan 10 14:46:43 EST 2014

/usr/bin/uname -p = unknown
/bin/uname -X     = unknown

/bin/arch              = x86_64
/usr/bin/arch -k       = unknown
/usr/convex/getsysinfo = unknown
/usr/bin/hostinfo      = unknown
/bin/machine           = unknown
/usr/bin/oslevel       = unknown
/bin/universe          = unknown

PATH: /curc/tools/x_86_64/rh6/openmpi/1.8.0/gcc/4.8.2/bin
PATH: /curc/tools/x_86_64/rh6/gcc/4.8.2/bin
PATH: /curc/tools/x_86_64/rh6/fftw/3.3.4/openmpi/1.8.2/intel/13.0.0/single/bin
PATH: /curc/tools/x_86_64/rh6/fftw/3.3.4/openmpi/1.8.2/intel/13.0.0/single
PATH: /projects/life9360/software/Canopy/User/bin
PATH: /projects/life9360/.opt/Komodo-Edit-9/bin
PATH: /curc/slurm/slurm/current/bin
PATH: /usr/local/bin
PATH: /bin
PATH: /usr/bin
PATH: /usr/local/sbin
PATH: /usr/sbin
PATH: /sbin
PATH: /projects/life9360/software/sac/bin
PATH: /projects/life9360/software/gnuplot/bin
PATH: /projects/life9360/software/rdseedv5.3.1
PATH: /projects/life9360/.local/quickkey
PATH: /projects/life9360/software/netbeans-8.0.2/bin
PATH: /home/life9360/software/evalresp-3.3.3
PATH: /projects/life9360/software/sod-3.2.6/bin
PATH: /projects/life9360/software/TauP-2.1.2/bin
PATH: /home/life9360/software/gmt/bin
PATH: /projects/life9360/software/ghostscript
PATH: /projects/life9360/.local/bin
PATH: /projects/life9360/software/pycharm-community-5.0.4/bin
PATH: /projects/life9360/code/coseis/bin


## ----------- ##
## Core tests. ##
## ----------- ##

configure:2721: checking for a BSD-compatible install
configure:2789: result: /usr/bin/install -c
configure:2800: checking whether build environment is sane
configure:2850: result: yes
configure:2991: checking for a thread-safe mkdir -p
configure:3030: result: /bin/mkdir -p
configure:3043: checking for gawk
configure:3059: found /bin/gawk
configure:3070: result: gawk
configure:3081: checking whether make sets $(MAKE)
configure:3103: result: yes
configure:3335: checking for C++ compiler version
configure:3344: mpicxx --version >&5
g++ (GCC) 4.8.2
Copyright (C) 2013 Free Software Foundation, Inc.
This is free software; see the source for copying conditions.  There is NO
warranty; not even for MERCHANTABILITY or FITNESS FOR A PARTICULAR PURPOSE.

configure:3355: $? = 0
configure:3344: mpicxx -v >&5
Using built-in specs.
COLLECT_GCC=/curc/tools/x_86_64/rh6/gcc/4.8.2/bin/g++
COLLECT_LTO_WRAPPER=/curc/tools/x_86_64/rh6/gcc/4.8.2/libexec/gcc/x86_64-unknown-linux-gnu/4.8.2/lto-wrapper
Target: x86_64-unknown-linux-gnu
Configured with: ../configure --prefix=/curc/tools/x_86_64/rh6/gcc/4.8.2 --enable-languages=c,c++,fortran,java --enable-shared --enable-threads=posix --disable-multilib
Thread model: posix
gcc version 4.8.2 (GCC) 
configure:3355: $? = 0
configure:3344: mpicxx -V >&5
g++: error: unrecognized command line option '-V'
g++: fatal error: no input files
compilation terminated.
configure:3355: $? = 1
configure:3344: mpicxx -qversion >&5
g++: error: unrecognized command line option '-qversion'
g++: fatal error: no input files
compilation terminated.
configure:3355: $? = 1
configure:3375: checking whether the C++ compiler works
configure:3397: mpicxx  -I/projects/life9360/code/sw4-v1.1/include -L/projects/life9360/code/sw4-v1.1/lib conftest.cpp  >&5
configure:3401: $? = 0
configure:3449: result: yes
configure:3452: checking for C++ compiler default output file name
configure:3454: result: a.out
configure:3460: checking for suffix of executables
configure:3467: mpicxx -o conftest  -I/projects/life9360/code/sw4-v1.1/include -L/projects/life9360/code/sw4-v1.1/lib conftest.cpp  >&5
configure:3471: $? = 0
configure:3493: result: 
configure:3515: checking whether we are cross compiling
configure:3523: mpicxx -o conftest  -I/projects/life9360/code/sw4-v1.1/include -L/projects/life9360/code/sw4-v1.1/lib conftest.cpp  >&5
configure:3527: $? = 0
configure:3534: ./conftest
configure:3538: $? = 0
configure:3553: result: no
configure:3558: checking for suffix of object files
configure:3580: mpicxx -c  -I/projects/life9360/code/sw4-v1.1/include conftest.cpp >&5
configure:3584: $? = 0
configure:3605: result: o
configure:3609: checking whether we are using the GNU C++ compiler
configure:3628: mpicxx -c  -I/projects/life9360/code/sw4-v1.1/include conftest.cpp >&5
configure:3628: $? = 0
configure:3637: result: yes
configure:3646: checking whether mpicxx accepts -g
configure:3666: mpicxx -c -g -I/projects/life9360/code/sw4-v1.1/include conftest.cpp >&5
configure:3666: $? = 0
configure:3707: result: yes
configure:3741: checking for style of include used by make
configure:3769: result: GNU
configure:3794: checking dependency style of mpicxx
configure:3904: result: gcc3
configure:3967: checking for gcc
configure:3994: result: mpicc
configure:4223: checking for C compiler version
configure:4232: mpicc --version >&5
gcc (GCC) 4.8.2
Copyright (C) 2013 Free Software Foundation, Inc.
This is free software; see the source for copying conditions.  There is NO
warranty; not even for MERCHANTABILITY or FITNESS FOR A PARTICULAR PURPOSE.

configure:4243: $? = 0
configure:4232: mpicc -v >&5
Using built-in specs.
COLLECT_GCC=/curc/tools/x_86_64/rh6/gcc/4.8.2/bin/gcc
COLLECT_LTO_WRAPPER=/curc/tools/x_86_64/rh6/gcc/4.8.2/libexec/gcc/x86_64-unknown-linux-gnu/4.8.2/lto-wrapper
Target: x86_64-unknown-linux-gnu
Configured with: ../configure --prefix=/curc/tools/x_86_64/rh6/gcc/4.8.2 --enable-languages=c,c++,fortran,java --enable-shared --enable-threads=posix --disable-multilib
Thread model: posix
gcc version 4.8.2 (GCC) 
configure:4243: $? = 0
configure:4232: mpicc -V >&5
gcc: error: unrecognized command line option '-V'
gcc: fatal error: no input files
compilation terminated.
configure:4243: $? = 1
configure:4232: mpicc -qversion >&5
gcc: error: unrecognized command line option '-qversion'
gcc: fatal error: no input files
compilation terminated.
configure:4243: $? = 1
configure:4247: checking whether we are using the GNU C compiler
configure:4266: mpicc -c  -I/projects/life9360/code/sw4-v1.1/include conftest.c >&5
configure:4266: $? = 0
configure:4275: result: yes
configure:4284: checking whether mpicc accepts -g
configure:4304: mpicc -c -g -I/projects/life9360/code/sw4-v1.1/include conftest.c >&5
configure:4304: $? = 0
configure:4345: result: yes
configure:4362: checking for mpicc option to accept ISO C89
configure:4426: mpicc  -c -g -O2 -I/projects/life9360/code/sw4-v1.1/include conftest.c >&5
configure:4426: $? = 0
configure:4439: result: none needed
configure:4461: checking dependency style of mpicc
configure:4571: result: gcc3
configure:4692: checking for Fortran compiler version
configure:4701: mpif90 --version >&5
GNU Fortran (GCC) 4.8.2
Copyright (C) 2013 Free Software Foundation, Inc.

GNU Fortran comes with NO WARRANTY, to the extent permitted by law.
You may redistribute copies of GNU Fortran
under the terms of the GNU General Public License.
For more information about these matters, see the file named COPYING

configure:4712: $? = 0
configure:4701: mpif90 -v >&5
Using built-in specs.
COLLECT_GCC=/curc/tools/x_86_64/rh6/gcc/4.8.2/bin/gfortran
COLLECT_LTO_WRAPPER=/curc/tools/x_86_64/rh6/gcc/4.8.2/libexec/gcc/x86_64-unknown-linux-gnu/4.8.2/lto-wrapper
Target: x86_64-unknown-linux-gnu
Configured with: ../configure --prefix=/curc/tools/x_86_64/rh6/gcc/4.8.2 --enable-languages=c,c++,fortran,java --enable-shared --enable-threads=posix --disable-multilib
Thread model: posix
gcc version 4.8.2 (GCC) 
configure:4712: $? = 0
configure:4701: mpif90 -V >&5
gfortran: error: unrecognized command line option '-V'
gfortran: fatal error: no input files
compilation terminated.
configure:4712: $? = 1
configure:4701: mpif90 -qversion >&5
gfortran: error: unrecognized command line option '-qversion'
gfortran: fatal error: no input files
compilation terminated.
configure:4712: $? = 1
configure:4721: checking whether we are using the GNU Fortran compiler
configure:4734: mpif90 -c   conftest.F >&5
configure:4734: $? = 0
configure:4743: result: yes
configure:4749: checking whether mpif90 accepts -g
configure:4760: mpif90 -c -g  conftest.f >&5
configure:4760: $? = 0
configure:4768: result: yes
configure:4798: checking how to get verbose linking output from mpif90
configure:4808: mpif90 -c -g -O2  conftest.f >&5
configure:4808: $? = 0
configure:4826: mpif90 -o conftest -g -O2 -v -L/projects/life9360/code/sw4-v1.1/lib conftest.f
Using built-in specs.
Target: x86_64-unknown-linux-gnu
Configured with: ../configure --prefix=/curc/tools/x_86_64/rh6/gcc/4.8.2 --enable-languages=c,c++,fortran,java --enable-shared --enable-threads=posix --disable-multilib
Thread model: posix
gcc version 4.8.2 (GCC) 
 /curc/tools/x_86_64/rh6/gcc/4.8.2/libexec/gcc/x86_64-unknown-linux-gnu/4.8.2/f951 conftest.f -ffixed-form -I /curc/tools/x_86_64/rh6/openmpi/1.8.0/gcc/4.8.2/include -I /curc/tools/x_86_64/rh6/openmpi/1.8.0/gcc/4.8.2/lib -quiet -dumpbase conftest.f -mtune=generic -march=x86-64 -auxbase conftest -g -O2 -version -fintrinsic-modules-path /curc/tools/x_86_64/rh6/gcc/4.8.2/lib/gcc/x86_64-unknown-linux-gnu/4.8.2/finclude -o /tmp/ccWsU7dl.s
GNU Fortran (GCC) version 4.8.2 (x86_64-unknown-linux-gnu)
	compiled by GNU C version 4.8.2, GMP version 4.3.2, MPFR version 2.4.2, MPC version 0.8.1
GGC heuristics: --param ggc-min-expand=100 --param ggc-min-heapsize=131072
GNU Fortran (GCC) version 4.8.2 (x86_64-unknown-linux-gnu)
	compiled by GNU C version 4.8.2, GMP version 4.3.2, MPFR version 2.4.2, MPC version 0.8.1
GGC heuristics: --param ggc-min-expand=100 --param ggc-min-heapsize=131072
 as -v -I /curc/tools/x_86_64/rh6/openmpi/1.8.0/gcc/4.8.2/include -I /curc/tools/x_86_64/rh6/openmpi/1.8.0/gcc/4.8.2/lib --64 -o /tmp/ccuzKdcT.o /tmp/ccWsU7dl.s
GNU assembler version 2.20.51.0.2 (x86_64-redhat-linux) using BFD version version 2.20.51.0.2-5.36.el6 20100205
Reading specs from /curc/tools/x_86_64/rh6/gcc/4.8.2/lib64/../lib64/libgfortran.spec
rename spec lib to liborig
 /curc/tools/x_86_64/rh6/gcc/4.8.2/libexec/gcc/x86_64-unknown-linux-gnu/4.8.2/collect2 --eh-frame-hdr -m elf_x86_64 -dynamic-linker /lib64/ld-linux-x86-64.so.2 -o conftest /usr/lib/../lib64/crt1.o /usr/lib/../lib64/crti.o /curc/tools/x_86_64/rh6/gcc/4.8.2/lib/gcc/x86_64-unknown-linux-gnu/4.8.2/crtbegin.o -L/projects/life9360/code/sw4-v1.1/lib -L/curc/tools/x_86_64/rh6/openmpi/1.8.0/gcc/4.8.2/lib -L/curc/tools/x_86_64/rh6/gcc/4.8.2/lib64/../lib64 -L/curc/tools/x_86_64/rh6/gcc/4.8.2/lib/../lib64 -L/curc/tools/x_86_64/rh6/gcc/4.8.2/lib/gcc/x86_64-unknown-linux-gnu/4.8.2 -L/curc/tools/x_86_64/rh6/gcc/4.8.2/lib/gcc/x86_64-unknown-linux-gnu/4.8.2/../../../../lib64 -L/lib/../lib64 -L/usr/lib/../lib64 -L/curc/tools/x_86_64/rh6/openmpi/1.8.0/gcc/4.8.2/lib -L/curc/tools/x_86_64/rh6/gcc/4.8.2/lib64 -L/curc/tools/x_86_64/rh6/gcc/4.8.2/lib -L/curc/tools/x_86_64/rh6/lapack/3.4.2/gcc/4.7.2/lib -L/curc/tools/x_86_64/rh6/fftw/3.3.4/openmpi/1.8.2/intel/13.0.0/single/lib -L/curc/tools/x_86_64/rh6/gcc/4.8.2/lib/gcc/x86_64-unknown-linux-gnu/4.8.2/../../.. /tmp/ccuzKdcT.o -rpath /curc/tools/x_86_64/rh6/openmpi/1.8.0/gcc/4.8.2/lib --enable-new-dtags -lmpi_usempi -lmpi_mpifh -lmpi -lgfortran -lm -lgcc_s -lgcc -lquadmath -lm -lgcc_s -lgcc -lpthread -lc -lgcc_s -lgcc /curc/tools/x_86_64/rh6/gcc/4.8.2/lib/gcc/x86_64-unknown-linux-gnu/4.8.2/crtend.o /usr/lib/../lib64/crtn.o
configure:4891: result: -v
configure:4893: checking for Fortran libraries of mpif90
configure:4916: mpif90 -o conftest -g -O2 -v -L/projects/life9360/code/sw4-v1.1/lib conftest.f
Using built-in specs.
Target: x86_64-unknown-linux-gnu
Configured with: ../configure --prefix=/curc/tools/x_86_64/rh6/gcc/4.8.2 --enable-languages=c,c++,fortran,java --enable-shared --enable-threads=posix --disable-multilib
Thread model: posix
gcc version 4.8.2 (GCC) 
 /curc/tools/x_86_64/rh6/gcc/4.8.2/libexec/gcc/x86_64-unknown-linux-gnu/4.8.2/f951 conftest.f -ffixed-form -I /curc/tools/x_86_64/rh6/openmpi/1.8.0/gcc/4.8.2/include -I /curc/tools/x_86_64/rh6/openmpi/1.8.0/gcc/4.8.2/lib -quiet -dumpbase conftest.f -mtune=generic -march=x86-64 -auxbase conftest -g -O2 -version -fintrinsic-modules-path /curc/tools/x_86_64/rh6/gcc/4.8.2/lib/gcc/x86_64-unknown-linux-gnu/4.8.2/finclude -o /tmp/ccufmdrT.s
GNU Fortran (GCC) version 4.8.2 (x86_64-unknown-linux-gnu)
	compiled by GNU C version 4.8.2, GMP version 4.3.2, MPFR version 2.4.2, MPC version 0.8.1
GGC heuristics: --param ggc-min-expand=100 --param ggc-min-heapsize=131072
GNU Fortran (GCC) version 4.8.2 (x86_64-unknown-linux-gnu)
	compiled by GNU C version 4.8.2, GMP version 4.3.2, MPFR version 2.4.2, MPC version 0.8.1
GGC heuristics: --param ggc-min-expand=100 --param ggc-min-heapsize=131072
 as -v -I /curc/tools/x_86_64/rh6/openmpi/1.8.0/gcc/4.8.2/include -I /curc/tools/x_86_64/rh6/openmpi/1.8.0/gcc/4.8.2/lib --64 -o /tmp/cc3QGhvs.o /tmp/ccufmdrT.s
GNU assembler version 2.20.51.0.2 (x86_64-redhat-linux) using BFD version version 2.20.51.0.2-5.36.el6 20100205
Reading specs from /curc/tools/x_86_64/rh6/gcc/4.8.2/lib64/../lib64/libgfortran.spec
rename spec lib to liborig
 /curc/tools/x_86_64/rh6/gcc/4.8.2/libexec/gcc/x86_64-unknown-linux-gnu/4.8.2/collect2 --eh-frame-hdr -m elf_x86_64 -dynamic-linker /lib64/ld-linux-x86-64.so.2 -o conftest /usr/lib/../lib64/crt1.o /usr/lib/../lib64/crti.o /curc/tools/x_86_64/rh6/gcc/4.8.2/lib/gcc/x86_64-unknown-linux-gnu/4.8.2/crtbegin.o -L/projects/life9360/code/sw4-v1.1/lib -L/curc/tools/x_86_64/rh6/openmpi/1.8.0/gcc/4.8.2/lib -L/curc/tools/x_86_64/rh6/gcc/4.8.2/lib64/../lib64 -L/curc/tools/x_86_64/rh6/gcc/4.8.2/lib/../lib64 -L/curc/tools/x_86_64/rh6/gcc/4.8.2/lib/gcc/x86_64-unknown-linux-gnu/4.8.2 -L/curc/tools/x_86_64/rh6/gcc/4.8.2/lib/gcc/x86_64-unknown-linux-gnu/4.8.2/../../../../lib64 -L/lib/../lib64 -L/usr/lib/../lib64 -L/curc/tools/x_86_64/rh6/openmpi/1.8.0/gcc/4.8.2/lib -L/curc/tools/x_86_64/rh6/gcc/4.8.2/lib64 -L/curc/tools/x_86_64/rh6/gcc/4.8.2/lib -L/curc/tools/x_86_64/rh6/lapack/3.4.2/gcc/4.7.2/lib -L/curc/tools/x_86_64/rh6/fftw/3.3.4/openmpi/1.8.2/intel/13.0.0/single/lib -L/curc/tools/x_86_64/rh6/gcc/4.8.2/lib/gcc/x86_64-unknown-linux-gnu/4.8.2/../../.. /tmp/cc3QGhvs.o -rpath /curc/tools/x_86_64/rh6/openmpi/1.8.0/gcc/4.8.2/lib --enable-new-dtags -lmpi_usempi -lmpi_mpifh -lmpi -lgfortran -lm -lgcc_s -lgcc -lquadmath -lm -lgcc_s -lgcc -lpthread -lc -lgcc_s -lgcc /curc/tools/x_86_64/rh6/gcc/4.8.2/lib/gcc/x86_64-unknown-linux-gnu/4.8.2/crtend.o /usr/lib/../lib64/crtn.o
configure:5090: result:  -L/projects/life9360/code/sw4-v1.1/lib -L/curc/tools/x_86_64/rh6/openmpi/1.8.0/gcc/4.8.2/lib -L/curc/tools/x_86_64/rh6/gcc/4.8.2/lib64/../lib64 -L/curc/tools/x_86_64/rh6/gcc/4.8.2/lib/../lib64 -L/curc/tools/x_86_64/rh6/gcc/4.8.2/lib/gcc/x86_64-unknown-linux-gnu/4.8.2 -L/curc/tools/x_86_64/rh6/gcc/4.8.2/lib/gcc/x86_64-unknown-linux-gnu/4.8.2/../../../../lib64 -L/lib/../lib64 -L/usr/lib/../lib64 -L/curc/tools/x_86_64/rh6/gcc/4.8.2/lib64 -L/curc/tools/x_86_64/rh6/gcc/4.8.2/lib -L/curc/tools/x_86_64/rh6/lapack/3.4.2/gcc/4.7.2/lib -L/curc/tools/x_86_64/rh6/fftw/3.3.4/openmpi/1.8.2/intel/13.0.0/single/lib -L/curc/tools/x_86_64/rh6/gcc/4.8.2/lib/gcc/x86_64-unknown-linux-gnu/4.8.2/../../.. -lmpi_usempi -lmpi_mpifh -lmpi -lgfortran -lm -lquadmath -lpthread
configure:5107: checking for dummy main to link with Fortran libraries
configure:5141: mpicc -o conftest -g -O2 -I/projects/life9360/code/sw4-v1.1/include -L/projects/life9360/code/sw4-v1.1/lib conftest.c   -L/projects/life9360/code/sw4-v1.1/lib -L/curc/tools/x_86_64/rh6/openmpi/1.8.0/gcc/4.8.2/lib -L/curc/tools/x_86_64/rh6/gcc/4.8.2/lib64/../lib64 -L/curc/tools/x_86_64/rh6/gcc/4.8.2/lib/../lib64 -L/curc/tools/x_86_64/rh6/gcc/4.8.2/lib/gcc/x86_64-unknown-linux-gnu/4.8.2 -L/curc/tools/x_86_64/rh6/gcc/4.8.2/lib/gcc/x86_64-unknown-linux-gnu/4.8.2/../../../../lib64 -L/lib/../lib64 -L/usr/lib/../lib64 -L/curc/tools/x_86_64/rh6/gcc/4.8.2/lib64 -L/curc/tools/x_86_64/rh6/gcc/4.8.2/lib -L/curc/tools/x_86_64/rh6/lapack/3.4.2/gcc/4.7.2/lib -L/curc/tools/x_86_64/rh6/fftw/3.3.4/openmpi/1.8.2/intel/13.0.0/single/lib -L/curc/tools/x_86_64/rh6/gcc/4.8.2/lib/gcc/x86_64-unknown-linux-gnu/4.8.2/../../.. -lmpi_usempi -lmpi_mpifh -lmpi -lgfortran -lm -lquadmath -lpthread >&5
configure:5141: $? = 0
configure:5186: result: none
configure:5219: checking for Fortran name-mangling scheme
configure:5232: mpif90 -c -g -O2  conftest.f >&5
configure:5232: $? = 0
configure:5273: mpicc -o conftest -g -O2 -I/projects/life9360/code/sw4-v1.1/include -L/projects/life9360/code/sw4-v1.1/lib conftest.c cfortran_test.o   -L/projects/life9360/code/sw4-v1.1/lib -L/curc/tools/x_86_64/rh6/openmpi/1.8.0/gcc/4.8.2/lib -L/curc/tools/x_86_64/rh6/gcc/4.8.2/lib64/../lib64 -L/curc/tools/x_86_64/rh6/gcc/4.8.2/lib/../lib64 -L/curc/tools/x_86_64/rh6/gcc/4.8.2/lib/gcc/x86_64-unknown-linux-gnu/4.8.2 -L/curc/tools/x_86_64/rh6/gcc/4.8.2/lib/gcc/x86_64-unknown-linux-gnu/4.8.2/../../../../lib64 -L/lib/../lib64 -L/usr/lib/../lib64 -L/curc/tools/x_86_64/rh6/gcc/4.8.2/lib64 -L/curc/tools/x_86_64/rh6/gcc/4.8.2/lib -L/curc/tools/x_86_64/rh6/lapack/3.4.2/gcc/4.7.2/lib -L/curc/tools/x_86_64/rh6/fftw/3.3.4/openmpi/1.8.2/intel/13.0.0/single/lib -L/curc/tools/x_86_64/rh6/gcc/4.8.2/lib/gcc/x86_64-unknown-linux-gnu/4.8.2/../../.. -lmpi_usempi -lmpi_mpifh -lmpi -lgfortran -lm -lquadmath -lpthread >&5
/tmp/cc4EMRNo.o: In function `main':
/projects/life9360/software/cencalvm-0.8.1/conftest.c:30: undefined reference to `foobar'
collect2: error: ld returned 1 exit status
configure:5273: $? = 1
configure: failed program was:
| /* confdefs.h */
| #define PACKAGE_NAME "cencalvm"
| #define PACKAGE_TARNAME "cencalvm"
| #define PACKAGE_VERSION "0.8.1"
| #define PACKAGE_STRING "cencalvm 0.8.1"
| #define PACKAGE_BUGREPORT "baagaard@usgs.gov"
| #define PACKAGE_URL ""
| #define PACKAGE "cencalvm"
| #define VERSION "0.8.1"
| /* end confdefs.h.  */
| 
| /* Override any GCC internal prototype to avoid an error.
|    Use char because int might match the return type of a GCC
|    builtin and then its argument prototype would still apply.  */
| #ifdef __cplusplus
| extern "C"
| #endif
| char foobar ();
| #ifdef FC_DUMMY_MAIN
| #ifndef FC_DUMMY_MAIN_EQ_F77
| #  ifdef __cplusplus
|      extern "C"
| #  endif
|    int FC_DUMMY_MAIN() { return 1; }
| #endif
| #endif
| int
| main ()
| {
| return foobar ();
|   ;
|   return 0;
| }
configure:5273: mpicc -o conftest -g -O2 -I/projects/life9360/code/sw4-v1.1/include -L/projects/life9360/code/sw4-v1.1/lib conftest.c cfortran_test.o   -L/projects/life9360/code/sw4-v1.1/lib -L/curc/tools/x_86_64/rh6/openmpi/1.8.0/gcc/4.8.2/lib -L/curc/tools/x_86_64/rh6/gcc/4.8.2/lib64/../lib64 -L/curc/tools/x_86_64/rh6/gcc/4.8.2/lib/../lib64 -L/curc/tools/x_86_64/rh6/gcc/4.8.2/lib/gcc/x86_64-unknown-linux-gnu/4.8.2 -L/curc/tools/x_86_64/rh6/gcc/4.8.2/lib/gcc/x86_64-unknown-linux-gnu/4.8.2/../../../../lib64 -L/lib/../lib64 -L/usr/lib/../lib64 -L/curc/tools/x_86_64/rh6/gcc/4.8.2/lib64 -L/curc/tools/x_86_64/rh6/gcc/4.8.2/lib -L/curc/tools/x_86_64/rh6/lapack/3.4.2/gcc/4.7.2/lib -L/curc/tools/x_86_64/rh6/fftw/3.3.4/openmpi/1.8.2/intel/13.0.0/single/lib -L/curc/tools/x_86_64/rh6/gcc/4.8.2/lib/gcc/x86_64-unknown-linux-gnu/4.8.2/../../.. -lmpi_usempi -lmpi_mpifh -lmpi -lgfortran -lm -lquadmath -lpthread >&5
configure:5273: $? = 0
configure:5331: mpicc -o conftest -g -O2 -I/projects/life9360/code/sw4-v1.1/include -L/projects/life9360/code/sw4-v1.1/lib conftest.c cfortran_test.o   -L/projects/life9360/code/sw4-v1.1/lib -L/curc/tools/x_86_64/rh6/openmpi/1.8.0/gcc/4.8.2/lib -L/curc/tools/x_86_64/rh6/gcc/4.8.2/lib64/../lib64 -L/curc/tools/x_86_64/rh6/gcc/4.8.2/lib/../lib64 -L/curc/tools/x_86_64/rh6/gcc/4.8.2/lib/gcc/x86_64-unknown-linux-gnu/4.8.2 -L/curc/tools/x_86_64/rh6/gcc/4.8.2/lib/gcc/x86_64-unknown-linux-gnu/4.8.2/../../../../lib64 -L/lib/../lib64 -L/usr/lib/../lib64 -L/curc/tools/x_86_64/rh6/gcc/4.8.2/lib64 -L/curc/tools/x_86_64/rh6/gcc/4.8.2/lib -L/curc/tools/x_86_64/rh6/lapack/3.4.2/gcc/4.7.2/lib -L/curc/tools/x_86_64/rh6/fftw/3.3.4/openmpi/1.8.2/intel/13.0.0/single/lib -L/curc/tools/x_86_64/rh6/gcc/4.8.2/lib/gcc/x86_64-unknown-linux-gnu/4.8.2/../../.. -lmpi_usempi -lmpi_mpifh -lmpi -lgfortran -lm -lquadmath -lpthread >&5
configure:5331: $? = 0
configure:5373: result: lower case, underscore, no extra underscore
configure:5443: checking how to get verbose linking output from mpif90
configure:5536: result: -v
configure:5538: checking for Fortran libraries of mpif90
configure:5735: result:  -L/projects/life9360/code/sw4-v1.1/lib -L/curc/tools/x_86_64/rh6/openmpi/1.8.0/gcc/4.8.2/lib -L/curc/tools/x_86_64/rh6/gcc/4.8.2/lib64/../lib64 -L/curc/tools/x_86_64/rh6/gcc/4.8.2/lib/../lib64 -L/curc/tools/x_86_64/rh6/gcc/4.8.2/lib/gcc/x86_64-unknown-linux-gnu/4.8.2 -L/curc/tools/x_86_64/rh6/gcc/4.8.2/lib/gcc/x86_64-unknown-linux-gnu/4.8.2/../../../../lib64 -L/lib/../lib64 -L/usr/lib/../lib64 -L/curc/tools/x_86_64/rh6/gcc/4.8.2/lib64 -L/curc/tools/x_86_64/rh6/gcc/4.8.2/lib -L/curc/tools/x_86_64/rh6/lapack/3.4.2/gcc/4.7.2/lib -L/curc/tools/x_86_64/rh6/fftw/3.3.4/openmpi/1.8.2/intel/13.0.0/single/lib -L/curc/tools/x_86_64/rh6/gcc/4.8.2/lib/gcc/x86_64-unknown-linux-gnu/4.8.2/../../.. -lmpi_usempi -lmpi_mpifh -lmpi -lgfortran -lm -lquadmath -lpthread
configure:5775: checking build system type
configure:5789: result: x86_64-unknown-linux-gnu
configure:5809: checking host system type
configure:5822: result: x86_64-unknown-linux-gnu
configure:5842: checking for a sed that does not truncate output
configure:5906: result: /bin/sed
configure:5924: checking for grep that handles long lines and -e
configure:5982: result: /bin/grep
configure:5987: checking for egrep
configure:6049: result: /bin/grep -E
configure:6054: checking for fgrep
configure:6116: result: /bin/grep -F
configure:6151: checking for ld used by mpicc
configure:6218: result: /usr/bin/ld
configure:6225: checking if the linker (/usr/bin/ld) is GNU ld
configure:6240: result: yes
configure:6252: checking for BSD- or MS-compatible name lister (nm)
configure:6301: result: /usr/bin/nm -B
configure:6419: checking the name lister (/usr/bin/nm -B) interface
configure:6426: mpicc -c -g -O2 -I/projects/life9360/code/sw4-v1.1/include conftest.c >&5
configure:6429: /usr/bin/nm -B "conftest.o"
configure:6432: output
0000000000000000 B some_variable
configure:6439: result: BSD nm
configure:6442: checking whether ln -s works
configure:6446: result: yes
configure:6454: checking the maximum length of command line arguments
configure:6574: result: 960000000
configure:6591: checking whether the shell understands some XSI constructs
configure:6601: result: yes
configure:6605: checking whether the shell understands "+="
configure:6611: result: yes
configure:6646: checking for /usr/bin/ld option to reload object files
configure:6653: result: -r
configure:6722: checking for objdump
configure:6738: found /usr/bin/objdump
configure:6749: result: objdump
configure:6781: checking how to recognize dependent libraries
configure:6977: result: pass_all
configure:7037: checking for ar
configure:7053: found /usr/bin/ar
configure:7064: result: ar
configure:7142: checking for strip
configure:7158: found /usr/bin/strip
configure:7169: result: strip
configure:7241: checking for ranlib
configure:7257: found /usr/bin/ranlib
configure:7268: result: ranlib
configure:7358: checking command to parse /usr/bin/nm -B output from mpicc object
configure:7476: mpicc -c -g -O2 -I/projects/life9360/code/sw4-v1.1/include conftest.c >&5
configure:7479: $? = 0
configure:7483: /usr/bin/nm -B conftest.o \| sed -n -e 's/^.*[	 ]\([ABCDGIRSTW][ABCDGIRSTW]*\)[	 ][	 ]*\([_A-Za-z][_A-Za-z0-9]*\)$/\1 \2 \2/p' \> conftest.nm
configure:7486: $? = 0
configure:7540: mpicc -o conftest -g -O2 -I/projects/life9360/code/sw4-v1.1/include -L/projects/life9360/code/sw4-v1.1/lib conftest.c conftstm.o >&5
configure:7543: $? = 0
configure:7581: result: ok
configure:7676: mpicc -c -g -O2 -I/projects/life9360/code/sw4-v1.1/include conftest.c >&5
configure:7679: $? = 0
configure:8405: checking how to run the C preprocessor
configure:8436: mpicc -E -I/projects/life9360/code/sw4-v1.1/include conftest.c
configure:8436: $? = 0
configure:8450: mpicc -E -I/projects/life9360/code/sw4-v1.1/include conftest.c
conftest.c:13:28: fatal error: ac_nonexistent.h: No such file or directory
 #include <ac_nonexistent.h>
                            ^
compilation terminated.
configure:8450: $? = 1
configure: failed program was:
| /* confdefs.h */
| #define PACKAGE_NAME "cencalvm"
| #define PACKAGE_TARNAME "cencalvm"
| #define PACKAGE_VERSION "0.8.1"
| #define PACKAGE_STRING "cencalvm 0.8.1"
| #define PACKAGE_BUGREPORT "baagaard@usgs.gov"
| #define PACKAGE_URL ""
| #define PACKAGE "cencalvm"
| #define VERSION "0.8.1"
| #define FC_FUNC(name,NAME) name ## _
| #define FC_FUNC_(name,NAME) name ## _
| /* end confdefs.h.  */
| #include <ac_nonexistent.h>
configure:8475: result: mpicc -E
configure:8495: mpicc -E -I/projects/life9360/code/sw4-v1.1/include conftest.c
configure:8495: $? = 0
configure:8509: mpicc -E -I/projects/life9360/code/sw4-v1.1/include conftest.c
conftest.c:13:28: fatal error: ac_nonexistent.h: No such file or directory
 #include <ac_nonexistent.h>
                            ^
compilation terminated.
configure:8509: $? = 1
configure: failed program was:
| /* confdefs.h */
| #define PACKAGE_NAME "cencalvm"
| #define PACKAGE_TARNAME "cencalvm"
| #define PACKAGE_VERSION "0.8.1"
| #define PACKAGE_STRING "cencalvm 0.8.1"
| #define PACKAGE_BUGREPORT "baagaard@usgs.gov"
| #define PACKAGE_URL ""
| #define PACKAGE "cencalvm"
| #define VERSION "0.8.1"
| #define FC_FUNC(name,NAME) name ## _
| #define FC_FUNC_(name,NAME) name ## _
| /* end confdefs.h.  */
| #include <ac_nonexistent.h>
configure:8538: checking for ANSI C header files
configure:8566: mpicc -c -g -O2 -I/projects/life9360/code/sw4-v1.1/include conftest.c >&5
configure:8566: $? = 0
configure:8639: mpicc -o conftest -g -O2 -I/projects/life9360/code/sw4-v1.1/include -L/projects/life9360/code/sw4-v1.1/lib conftest.c  >&5
configure:8639: $? = 0
configure:8639: ./conftest
configure:8639: $? = 0
configure:8650: result: yes
configure:8663: checking for sys/types.h
configure:8663: mpicc -c -g -O2 -I/projects/life9360/code/sw4-v1.1/include conftest.c >&5
configure:8663: $? = 0
configure:8663: result: yes
configure:8663: checking for sys/stat.h
configure:8663: mpicc -c -g -O2 -I/projects/life9360/code/sw4-v1.1/include conftest.c >&5
configure:8663: $? = 0
configure:8663: result: yes
configure:8663: checking for stdlib.h
configure:8663: mpicc -c -g -O2 -I/projects/life9360/code/sw4-v1.1/include conftest.c >&5
configure:8663: $? = 0
configure:8663: result: yes
configure:8663: checking for string.h
configure:8663: mpicc -c -g -O2 -I/projects/life9360/code/sw4-v1.1/include conftest.c >&5
configure:8663: $? = 0
configure:8663: result: yes
configure:8663: checking for memory.h
configure:8663: mpicc -c -g -O2 -I/projects/life9360/code/sw4-v1.1/include conftest.c >&5
configure:8663: $? = 0
configure:8663: result: yes
configure:8663: checking for strings.h
configure:8663: mpicc -c -g -O2 -I/projects/life9360/code/sw4-v1.1/include conftest.c >&5
configure:8663: $? = 0
configure:8663: result: yes
configure:8663: checking for inttypes.h
configure:8663: mpicc -c -g -O2 -I/projects/life9360/code/sw4-v1.1/include conftest.c >&5
configure:8663: $? = 0
configure:8663: result: yes
configure:8663: checking for stdint.h
configure:8663: mpicc -c -g -O2 -I/projects/life9360/code/sw4-v1.1/include conftest.c >&5
configure:8663: $? = 0
configure:8663: result: yes
configure:8663: checking for unistd.h
configure:8663: mpicc -c -g -O2 -I/projects/life9360/code/sw4-v1.1/include conftest.c >&5
configure:8663: $? = 0
configure:8663: result: yes
configure:8677: checking for dlfcn.h
configure:8677: mpicc -c -g -O2 -I/projects/life9360/code/sw4-v1.1/include conftest.c >&5
configure:8677: $? = 0
configure:8677: result: yes
configure:8802: checking for C++ compiler version
configure:8811: mpicxx --version >&5
g++ (GCC) 4.8.2
Copyright (C) 2013 Free Software Foundation, Inc.
This is free software; see the source for copying conditions.  There is NO
warranty; not even for MERCHANTABILITY or FITNESS FOR A PARTICULAR PURPOSE.

configure:8822: $? = 0
configure:8811: mpicxx -v >&5
Using built-in specs.
COLLECT_GCC=/curc/tools/x_86_64/rh6/gcc/4.8.2/bin/g++
COLLECT_LTO_WRAPPER=/curc/tools/x_86_64/rh6/gcc/4.8.2/libexec/gcc/x86_64-unknown-linux-gnu/4.8.2/lto-wrapper
Target: x86_64-unknown-linux-gnu
Configured with: ../configure --prefix=/curc/tools/x_86_64/rh6/gcc/4.8.2 --enable-languages=c,c++,fortran,java --enable-shared --enable-threads=posix --disable-multilib
Thread model: posix
gcc version 4.8.2 (GCC) 
configure:8822: $? = 0
configure:8811: mpicxx -V >&5
g++: error: unrecognized command line option '-V'
g++: fatal error: no input files
compilation terminated.
configure:8822: $? = 1
configure:8811: mpicxx -qversion >&5
g++: error: unrecognized command line option '-qversion'
g++: fatal error: no input files
compilation terminated.
configure:8822: $? = 1
configure:8826: checking whether we are using the GNU C++ compiler
configure:8862: result: yes
configure:8871: checking whether mpicxx accepts -g
configure:8956: result: yes
configure:8981: checking dependency style of mpicxx
configure:9091: result: gcc3
configure:9114: checking how to run the C++ preprocessor
configure:9141: mpicxx -E -I/projects/life9360/code/sw4-v1.1/include conftest.cpp
configure:9141: $? = 0
configure:9155: mpicxx -E -I/projects/life9360/code/sw4-v1.1/include conftest.cpp
conftest.cpp:24:28: fatal error: ac_nonexistent.h: No such file or directory
 #include <ac_nonexistent.h>
                            ^
compilation terminated.
configure:9155: $? = 1
configure: failed program was:
| /* confdefs.h */
| #define PACKAGE_NAME "cencalvm"
| #define PACKAGE_TARNAME "cencalvm"
| #define PACKAGE_VERSION "0.8.1"
| #define PACKAGE_STRING "cencalvm 0.8.1"
| #define PACKAGE_BUGREPORT "baagaard@usgs.gov"
| #define PACKAGE_URL ""
| #define PACKAGE "cencalvm"
| #define VERSION "0.8.1"
| #define FC_FUNC(name,NAME) name ## _
| #define FC_FUNC_(name,NAME) name ## _
| #define STDC_HEADERS 1
| #define HAVE_SYS_TYPES_H 1
| #define HAVE_SYS_STAT_H 1
| #define HAVE_STDLIB_H 1
| #define HAVE_STRING_H 1
| #define HAVE_MEMORY_H 1
| #define HAVE_STRINGS_H 1
| #define HAVE_INTTYPES_H 1
| #define HAVE_STDINT_H 1
| #define HAVE_UNISTD_H 1
| #define HAVE_DLFCN_H 1
| /* end confdefs.h.  */
| #include <ac_nonexistent.h>
configure:9180: result: mpicxx -E
configure:9200: mpicxx -E -I/projects/life9360/code/sw4-v1.1/include conftest.cpp
configure:9200: $? = 0
configure:9214: mpicxx -E -I/projects/life9360/code/sw4-v1.1/include conftest.cpp
conftest.cpp:24:28: fatal error: ac_nonexistent.h: No such file or directory
 #include <ac_nonexistent.h>
                            ^
compilation terminated.
configure:9214: $? = 1
configure: failed program was:
| /* confdefs.h */
| #define PACKAGE_NAME "cencalvm"
| #define PACKAGE_TARNAME "cencalvm"
| #define PACKAGE_VERSION "0.8.1"
| #define PACKAGE_STRING "cencalvm 0.8.1"
| #define PACKAGE_BUGREPORT "baagaard@usgs.gov"
| #define PACKAGE_URL ""
| #define PACKAGE "cencalvm"
| #define VERSION "0.8.1"
| #define FC_FUNC(name,NAME) name ## _
| #define FC_FUNC_(name,NAME) name ## _
| #define STDC_HEADERS 1
| #define HAVE_SYS_TYPES_H 1
| #define HAVE_SYS_STAT_H 1
| #define HAVE_STDLIB_H 1
| #define HAVE_STRING_H 1
| #define HAVE_MEMORY_H 1
| #define HAVE_STRINGS_H 1
| #define HAVE_INTTYPES_H 1
| #define HAVE_STDINT_H 1
| #define HAVE_UNISTD_H 1
| #define HAVE_DLFCN_H 1
| /* end confdefs.h.  */
| #include <ac_nonexistent.h>
configure:9355: checking for Fortran compiler version
configure:9364: mpif90 --version >&5
GNU Fortran (GCC) 4.8.2
Copyright (C) 2013 Free Software Foundation, Inc.

GNU Fortran comes with NO WARRANTY, to the extent permitted by law.
You may redistribute copies of GNU Fortran
under the terms of the GNU General Public License.
For more information about these matters, see the file named COPYING

configure:9375: $? = 0
configure:9364: mpif90 -v >&5
Using built-in specs.
COLLECT_GCC=/curc/tools/x_86_64/rh6/gcc/4.8.2/bin/gfortran
COLLECT_LTO_WRAPPER=/curc/tools/x_86_64/rh6/gcc/4.8.2/libexec/gcc/x86_64-unknown-linux-gnu/4.8.2/lto-wrapper
Target: x86_64-unknown-linux-gnu
Configured with: ../configure --prefix=/curc/tools/x_86_64/rh6/gcc/4.8.2 --enable-languages=c,c++,fortran,java --enable-shared --enable-threads=posix --disable-multilib
Thread model: posix
gcc version 4.8.2 (GCC) 
configure:9375: $? = 0
configure:9364: mpif90 -V >&5
gfortran: error: unrecognized command line option '-V'
gfortran: fatal error: no input files
compilation terminated.
configure:9375: $? = 1
configure:9364: mpif90 -qversion >&5
gfortran: error: unrecognized command line option '-qversion'
gfortran: fatal error: no input files
compilation terminated.
configure:9375: $? = 1
configure:9384: checking whether we are using the GNU Fortran compiler
configure:9406: result: yes
configure:9412: checking whether mpif90 accepts -g
configure:9431: result: yes
configure:9633: checking for objdir
configure:9648: result: .libs
configure:9944: checking if mpicc supports -fno-rtti -fno-exceptions
configure:9962: mpicc -c -g -O2 -I/projects/life9360/code/sw4-v1.1/include -fno-rtti -fno-exceptions conftest.c >&5
cc1: warning: command line option '-fno-rtti' is valid for C++/ObjC++ but not for C [enabled by default]
configure:9966: $? = 0
configure:9979: result: no
configure:9999: checking for mpicc option to produce PIC
configure:10271: result: -fPIC -DPIC
configure:10283: checking if mpicc PIC flag -fPIC -DPIC works
configure:10301: mpicc -c -g -O2 -I/projects/life9360/code/sw4-v1.1/include -fPIC -DPIC -DPIC conftest.c >&5
configure:10305: $? = 0
configure:10318: result: yes
configure:10342: checking if mpicc static flag -static works
configure:10370: result: no
configure:10385: checking if mpicc supports -c -o file.o
configure:10406: mpicc -c -g -O2 -I/projects/life9360/code/sw4-v1.1/include -o out/conftest2.o conftest.c >&5
configure:10410: $? = 0
configure:10432: result: yes
configure:10440: checking if mpicc supports -c -o file.o
configure:10487: result: yes
configure:10520: checking whether the mpicc linker (/usr/bin/ld -m elf_x86_64) supports shared libraries
configure:11527: result: yes
configure:11564: checking whether -lc should be explicitly linked in
configure:11569: mpicc -c -g -O2 -I/projects/life9360/code/sw4-v1.1/include conftest.c >&5
configure:11572: $? = 0
configure:11587: mpicc -shared conftest.o  -v -Wl,-soname -Wl,conftest -o conftest 2\>\&1 \| /bin/grep  -lc  \>/dev/null 2\>\&1
configure:11590: $? = 0
configure:11602: result: no
configure:11766: checking dynamic linker characteristics
configure:12207: mpicc -o conftest -g -O2 -I/projects/life9360/code/sw4-v1.1/include -L/projects/life9360/code/sw4-v1.1/lib -Wl,-rpath -Wl,/foo conftest.c  >&5
configure:12207: $? = 0
configure:12437: result: GNU/Linux ld.so
configure:12539: checking how to hardcode library paths into programs
configure:12564: result: immediate
configure:13124: checking whether stripping libraries is possible
configure:13129: result: yes
configure:13164: checking if libtool supports shared libraries
configure:13166: result: yes
configure:13169: checking whether to build shared libraries
configure:13190: result: yes
configure:13193: checking whether to build static libraries
configure:13197: result: yes
configure:13347: checking for ld used by mpicxx
configure:13414: result: /usr/bin/ld -m elf_x86_64
configure:13421: checking if the linker (/usr/bin/ld -m elf_x86_64) is GNU ld
configure:13436: result: yes
configure:13491: checking whether the mpicxx linker (/usr/bin/ld -m elf_x86_64) supports shared libraries
configure:14420: result: yes
configure:14448: mpicxx -c -g -O2 -I/projects/life9360/code/sw4-v1.1/include conftest.cpp >&5
configure:14451: $? = 0
configure:14633: checking for mpicxx option to produce PIC
configure:14950: result: -fPIC -DPIC
configure:14959: checking if mpicxx PIC flag -fPIC -DPIC works
configure:14977: mpicxx -c -g -O2 -I/projects/life9360/code/sw4-v1.1/include -fPIC -DPIC -DPIC conftest.cpp >&5
configure:14981: $? = 0
configure:14994: result: yes
configure:15015: checking if mpicxx static flag -static works
configure:15043: result: no
configure:15055: checking if mpicxx supports -c -o file.o
configure:15076: mpicxx -c -g -O2 -I/projects/life9360/code/sw4-v1.1/include -o out/conftest2.o conftest.cpp >&5
configure:15080: $? = 0
configure:15102: result: yes
configure:15107: checking if mpicxx supports -c -o file.o
configure:15154: result: yes
configure:15184: checking whether the mpicxx linker (/usr/bin/ld -m elf_x86_64) supports shared libraries
configure:15213: result: yes
configure:15350: checking dynamic linker characteristics
configure:15739: mpicxx -o conftest -g -O2 -I/projects/life9360/code/sw4-v1.1/include -L/projects/life9360/code/sw4-v1.1/lib -Wl,-rpath -Wl,/foo conftest.cpp  >&5
configure:15739: $? = 0
configure:15969: result: GNU/Linux ld.so
configure:16020: checking how to hardcode library paths into programs
configure:16045: result: immediate
configure:16190: checking if libtool supports shared libraries
configure:16192: result: yes
configure:16195: checking whether to build shared libraries
configure:16215: result: yes
configure:16218: checking whether to build static libraries
configure:16222: result: yes
configure:16248: mpif90 -c -g -O2  conftest.f >&5
configure:16251: $? = 0
configure:16361: checking for mpif90 option to produce PIC
configure:16633: result: -fPIC
configure:16642: checking if mpif90 PIC flag -fPIC works
configure:16660: mpif90 -c -g -O2 -fPIC  conftest.f >&5
configure:16664: $? = 0
configure:16677: result: yes
configure:16698: checking if mpif90 static flag -static works
configure:16726: result: no
configure:16738: checking if mpif90 supports -c -o file.o
configure:16759: mpif90 -c -g -O2 -o out/conftest2.o  conftest.f >&5
configure:16763: $? = 0
configure:16785: result: yes
configure:16790: checking if mpif90 supports -c -o file.o
configure:16837: result: yes
configure:16867: checking whether the mpif90 linker (/usr/bin/ld -m elf_x86_64) supports shared libraries
configure:17845: result: yes
configure:17982: checking dynamic linker characteristics
configure:18357: mpif90 -o conftest -g -O2 -L/projects/life9360/code/sw4-v1.1/lib -Wl,-rpath -Wl,/foo  conftest.f  >&5
configure:18357: $? = 0
configure:18587: result: GNU/Linux ld.so
configure:18638: checking how to hardcode library paths into programs
configure:18663: result: immediate
configure:18729: checking for etree_open in -letree
configure:18762: mpicc -o conftest -g -O2 -I/projects/life9360/code/sw4-v1.1/include -L/projects/life9360/code/sw4-v1.1/lib conftest.c -letree   >&5
configure:18762: $? = 0
configure:18771: result: yes
configure:18775: checking etree.h usability
configure:18775: mpicc -c -g -O2 -I/projects/life9360/code/sw4-v1.1/include conftest.c >&5
configure:18775: $? = 0
configure:18775: result: yes
configure:18775: checking etree.h presence
configure:18775: mpicc -E -I/projects/life9360/code/sw4-v1.1/include conftest.c
configure:18775: $? = 0
configure:18775: result: yes
configure:18775: checking for etree.h
configure:18775: result: yes
configure:18794: checking for pj_init_plus in -lproj
configure:18827: mpicc -o conftest -g -O2 -I/projects/life9360/code/sw4-v1.1/include -L/projects/life9360/code/sw4-v1.1/lib conftest.c -lproj   >&5
configure:18827: $? = 0
configure:18836: result: yes
configure:18840: checking proj_api.h usability
configure:18840: mpicc -c -g -O2 -I/projects/life9360/code/sw4-v1.1/include conftest.c >&5
configure:18840: $? = 0
configure:18840: result: yes
configure:18840: checking proj_api.h presence
configure:18840: mpicc -E -I/projects/life9360/code/sw4-v1.1/include conftest.c
configure:18840: $? = 0
configure:18840: result: yes
configure:18840: checking for proj_api.h
configure:18840: result: yes
configure:19746: creating ./config.status

## ---------------------- ##
## Running config.status. ##
## ---------------------- ##

This file was extended by cencalvm config.status 0.8.1, which was
generated by GNU Autoconf 2.67.  Invocation command line was

  CONFIG_FILES    = 
  CONFIG_HEADERS  = 
  CONFIG_LINKS    = 
  CONFIG_COMMANDS = 
  $ ./config.status 

on login03.rc.colorado.edu

config.status:1268: creating Makefile
config.status:1268: creating libsrc/Makefile
config.status:1268: creating libsrc/average/Makefile
config.status:1268: creating libsrc/create/Makefile
config.status:1268: creating libsrc/storage/Makefile
config.status:1268: creating libsrc/query/Makefile
config.status:1268: creating tests/Makefile
config.status:1268: creating tests/average/Makefile
config.status:1268: creating tests/average/data/Makefile
config.status:1268: creating tests/create/Makefile
config.status:1268: creating tests/create/data/Makefile
config.status:1268: creating tests/storage/Makefile
config.status:1268: creating tests/storage/data/Makefile
config.status:1268: creating tests/query/Makefile
config.status:1268: creating tests/query/data/Makefile
config.status:1268: creating applications/Makefile
config.status:1268: creating applications/average/Makefile
config.status:1268: creating applications/create/Makefile
config.status:1268: creating applications/query/Makefile
config.status:1268: creating examples/Makefile
config.status:1268: creating examples/query/Makefile
config.status:1268: creating examples/query/cpp/Makefile
config.status:1268: creating examples/query/c/Makefile
config.status:1268: creating examples/query/f77/Makefile
config.status:1268: creating examples/query/data/Makefile
config.status:1268: creating extensions/Makefile
config.status:1268: creating extensions/libsrc/Makefile
config.status:1268: creating extensions/libsrc/cencalvmdb/Makefile
config.status:1268: creating extensions/modulesrc/Makefile
config.status:1268: creating extensions/cencalvm/Makefile
config.status:1268: creating extensions/applications/Makefile
config.status:1268: creating extensions/applications/vsgrader/Makefile
config.status:1268: creating extensions/tests/Makefile
config.status:1268: creating extensions/tests/vsgrader/Makefile
config.status:1268: creating extensions/tests/vsgrader/data/Makefile
config.status:1268: creating doc/Makefile
config.status:1268: creating portinfo
config.status:1496: executing depfiles commands
config.status:1496: executing libtool commands

## ---------------- ##
## Cache variables. ##
## ---------------- ##

ac_cv_build=x86_64-unknown-linux-gnu
ac_cv_c_compiler_gnu=yes
ac_cv_cxx_compiler_gnu=yes
ac_cv_env_CCC_set=
ac_cv_env_CCC_value=
ac_cv_env_CC_set=set
ac_cv_env_CC_value=mpicc
ac_cv_env_CFLAGS_set=
ac_cv_env_CFLAGS_value=
ac_cv_env_CPPFLAGS_set=set
ac_cv_env_CPPFLAGS_value=-I/projects/life9360/code/sw4-v1.1/include
ac_cv_env_CPP_set=
ac_cv_env_CPP_value=
ac_cv_env_CXXCPP_set=
ac_cv_env_CXXCPP_value=
ac_cv_env_CXXFLAGS_set=
ac_cv_env_CXXFLAGS_value=
ac_cv_env_CXX_set=set
ac_cv_env_CXX_value=mpicxx
ac_cv_env_FCFLAGS_set=
ac_cv_env_FCFLAGS_value=
ac_cv_env_FC_set=set
ac_cv_env_FC_value=mpif90
ac_cv_env_LDFLAGS_set=set
ac_cv_env_LDFLAGS_value=-L/projects/life9360/code/sw4-v1.1/lib
ac_cv_env_LIBS_set=
ac_cv_env_LIBS_value=
ac_cv_env_build_alias_set=
ac_cv_env_build_alias_value=
ac_cv_env_host_alias_set=
ac_cv_env_host_alias_value=
ac_cv_env_target_alias_set=
ac_cv_env_target_alias_value=
ac_cv_fc_compiler_gnu=yes
ac_cv_fc_dummy_main=none
ac_cv_fc_libs=' -L/projects/life9360/code/sw4-v1.1/lib -L/curc/tools/x_86_64/rh6/openmpi/1.8.0/gcc/4.8.2/lib -L/curc/tools/x_86_64/rh6/gcc/4.8.2/lib64/../lib64 -L/curc/tools/x_86_64/rh6/gcc/4.8.2/lib/../lib64 -L/curc/tools/x_86_64/rh6/gcc/4.8.2/lib/gcc/x86_64-unknown-linux-gnu/4.8.2 -L/curc/tools/x_86_64/rh6/gcc/4.8.2/lib/gcc/x86_64-unknown-linux-gnu/4.8.2/../../../../lib64 -L/lib/../lib64 -L/usr/lib/../lib64 -L/curc/tools/x_86_64/rh6/gcc/4.8.2/lib64 -L/curc/tools/x_86_64/rh6/gcc/4.8.2/lib -L/curc/tools/x_86_64/rh6/lapack/3.4.2/gcc/4.7.2/lib -L/curc/tools/x_86_64/rh6/fftw/3.3.4/openmpi/1.8.2/intel/13.0.0/single/lib -L/curc/tools/x_86_64/rh6/gcc/4.8.2/lib/gcc/x86_64-unknown-linux-gnu/4.8.2/../../.. -lmpi_usempi -lmpi_mpifh -lmpi -lgfortran -lm -lquadmath -lpthread'
ac_cv_fc_mangling='lower case, underscore, no extra underscore'
ac_cv_fortran_dummy_main=none
ac_cv_header_dlfcn_h=yes
ac_cv_header_etree_h=yes
ac_cv_header_inttypes_h=yes
ac_cv_header_memory_h=yes
ac_cv_header_proj_api_h=yes
ac_cv_header_stdc=yes
ac_cv_header_stdint_h=yes
ac_cv_header_stdlib_h=yes
ac_cv_header_string_h=yes
ac_cv_header_strings_h=yes
ac_cv_header_sys_stat_h=yes
ac_cv_header_sys_types_h=yes
ac_cv_header_unistd_h=yes
ac_cv_host=x86_64-unknown-linux-gnu
ac_cv_lib_etree_etree_open=yes
ac_cv_lib_proj_pj_init_plus=yes
ac_cv_objext=o
ac_cv_path_EGREP='/bin/grep -E'
ac_cv_path_FGREP='/bin/grep -F'
ac_cv_path_GREP=/bin/grep
ac_cv_path_SED=/bin/sed
ac_cv_path_install='/usr/bin/install -c'
ac_cv_path_mkdir=/bin/mkdir
ac_cv_prog_AWK=gawk
ac_cv_prog_CPP='mpicc -E'
ac_cv_prog_CXXCPP='mpicxx -E'
ac_cv_prog_ac_ct_AR=ar
ac_cv_prog_ac_ct_CC=mpicc
ac_cv_prog_ac_ct_OBJDUMP=objdump
ac_cv_prog_ac_ct_RANLIB=ranlib
ac_cv_prog_ac_ct_STRIP=strip
ac_cv_prog_cc_c89=
ac_cv_prog_cc_g=yes
ac_cv_prog_cxx_g=yes
ac_cv_prog_fc_g=yes
ac_cv_prog_fc_v=-v
ac_cv_prog_make_make_set=yes
am_cv_CC_dependencies_compiler_type=gcc3
am_cv_CXX_dependencies_compiler_type=gcc3
lt_cv_deplibs_check_method=pass_all
lt_cv_file_magic_cmd='$MAGIC_CMD'
lt_cv_file_magic_test_file=
lt_cv_ld_reload_flag=-r
lt_cv_nm_interface='BSD nm'
lt_cv_objdir=.libs
lt_cv_path_LD=/usr/bin/ld
lt_cv_path_LDCXX='/usr/bin/ld -m elf_x86_64'
lt_cv_path_NM='/usr/bin/nm -B'
lt_cv_prog_compiler_c_o=yes
lt_cv_prog_compiler_c_o_CXX=yes
lt_cv_prog_compiler_c_o_FC=yes
lt_cv_prog_compiler_pic_works=yes
lt_cv_prog_compiler_pic_works_CXX=yes
lt_cv_prog_compiler_pic_works_FC=yes
lt_cv_prog_compiler_rtti_exceptions=no
lt_cv_prog_compiler_static_works=no
lt_cv_prog_compiler_static_works_CXX=no
lt_cv_prog_compiler_static_works_FC=no
lt_cv_prog_gnu_ld=yes
lt_cv_prog_gnu_ldcxx=yes
lt_cv_sys_global_symbol_pipe='sed -n -e '\''s/^.*[	 ]\([ABCDGIRSTW][ABCDGIRSTW]*\)[	 ][	 ]*\([_A-Za-z][_A-Za-z0-9]*\)$/\1 \2 \2/p'\'''
lt_cv_sys_global_symbol_to_c_name_address='sed -n -e '\''s/^: \([^ ]*\) $/  {\"\1\", (void *) 0},/p'\'' -e '\''s/^[ABCDGIRSTW]* \([^ ]*\) \([^ ]*\)$/  {"\2", (void *) \&\2},/p'\'''
lt_cv_sys_global_symbol_to_c_name_address_lib_prefix='sed -n -e '\''s/^: \([^ ]*\) $/  {\"\1\", (void *) 0},/p'\'' -e '\''s/^[ABCDGIRSTW]* \([^ ]*\) \(lib[^ ]*\)$/  {"\2", (void *) \&\2},/p'\'' -e '\''s/^[ABCDGIRSTW]* \([^ ]*\) \([^ ]*\)$/  {"lib\2", (void *) \&\2},/p'\'''
lt_cv_sys_global_symbol_to_cdecl='sed -n -e '\''s/^T .* \(.*\)$/extern int \1();/p'\'' -e '\''s/^[ABCDGIRSTW]* .* \(.*\)$/extern char \1;/p'\'''
lt_cv_sys_max_cmd_len=960000000

## ----------------- ##
## Output variables. ##
## ----------------- ##

ACLOCAL='${SHELL} /projects/life9360/software/cencalvm-0.8.1/aux-config/missing --run aclocal-1.11'
AMDEPBACKSLASH='\'
AMDEP_FALSE='#'
AMDEP_TRUE=''
AMTAR='${SHELL} /projects/life9360/software/cencalvm-0.8.1/aux-config/missing --run tar'
AM_LDFLAGS=''
AR='ar'
AUTOCONF='${SHELL} /projects/life9360/software/cencalvm-0.8.1/aux-config/missing --run autoconf'
AUTOHEADER='${SHELL} /projects/life9360/software/cencalvm-0.8.1/aux-config/missing --run autoheader'
AUTOMAKE='${SHELL} /projects/life9360/software/cencalvm-0.8.1/aux-config/missing --run automake-1.11'
AWK='gawk'
CC='mpicc'
CCDEPMODE='depmode=gcc3'
CFLAGS='-g -O2'
CPP='mpicc -E'
CPPFLAGS='-I/projects/life9360/code/sw4-v1.1/include'
CXX='mpicxx'
CXXCPP='mpicxx -E'
CXXDEPMODE='depmode=gcc3'
CXXFLAGS='-g -O2'
CYGPATH_W='echo'
DEFS='-DHAVE_CONFIG_H'
DEPDIR='.deps'
DSYMUTIL=''
DUMPBIN=''
ECHO_C=''
ECHO_N='-n'
ECHO_T=''
EGREP='/bin/grep -E'
ENABLE_DOCUMENTATION_FALSE=''
ENABLE_DOCUMENTATION_TRUE='#'
ENABLE_SPATIAL_FALSE=''
ENABLE_SPATIAL_TRUE='#'
ENABLE_TESTING_FALSE=''
ENABLE_TESTING_TRUE='#'
ENABLE_VSGRADER_FALSE=''
ENABLE_VSGRADER_TRUE='#'
EXEEXT=''
FC='mpif90'
FCFLAGS='-g -O2'
FCLIBS=' -L/projects/life9360/code/sw4-v1.1/lib -L/curc/tools/x_86_64/rh6/openmpi/1.8.0/gcc/4.8.2/lib -L/curc/tools/x_86_64/rh6/gcc/4.8.2/lib64/../lib64 -L/curc/tools/x_86_64/rh6/gcc/4.8.2/lib/../lib64 -L/curc/tools/x_86_64/rh6/gcc/4.8.2/lib/gcc/x86_64-unknown-linux-gnu/4.8.2 -L/curc/tools/x_86_64/rh6/gcc/4.8.2/lib/gcc/x86_64-unknown-linux-gnu/4.8.2/../../../../lib64 -L/lib/../lib64 -L/usr/lib/../lib64 -L/curc/tools/x_86_64/rh6/gcc/4.8.2/lib64 -L/curc/tools/x_86_64/rh6/gcc/4.8.2/lib -L/curc/tools/x_86_64/rh6/lapack/3.4.2/gcc/4.7.2/lib -L/curc/tools/x_86_64/rh6/fftw/3.3.4/openmpi/1.8.2/intel/13.0.0/single/lib -L/curc/tools/x_86_64/rh6/gcc/4.8.2/lib/gcc/x86_64-unknown-linux-gnu/4.8.2/../../.. -lmpi_usempi -lmpi_mpifh -lmpi -lgfortran -lm -lquadmath -lpthread'
FGREP='/bin/grep -F'
GREP='/bin/grep'
INSTALL_DATA='${INSTALL} -m 644'
INSTALL_PROGRAM='${INSTALL}'
INSTALL_SCRIPT='${INSTALL}'
INSTALL_STRIP_PROGRAM='$(install_sh) -c -s'
LD='/usr/bin/ld -m elf_x86_64'
LDFLAGS='-L/projects/life9360/code/sw4-v1.1/lib'
LIBOBJS=''
LIBS=''
LIBTOOL='$(SHELL) $(top_builddir)/libtool'
LIPO=''
LN_S='ln -s'
LTLIBOBJS=''
MAKEINFO='${SHELL} /projects/life9360/software/cencalvm-0.8.1/aux-config/missing --run makeinfo'
MKDIR_P='/bin/mkdir -p'
NM='/usr/bin/nm -B'
NMEDIT=''
NO_UNDEFINED_FALSE=''
NO_UNDEFINED_TRUE='#'
NUMPY_INCDIR=''
OBJDUMP='objdump'
OBJEXT='o'
OTOOL64=''
OTOOL=''
PACKAGE='cencalvm'
PACKAGE_BUGREPORT='baagaard@usgs.gov'
PACKAGE_NAME='cencalvm'
PACKAGE_STRING='cencalvm 0.8.1'
PACKAGE_TARNAME='cencalvm'
PACKAGE_URL=''
PACKAGE_VERSION='0.8.1'
PATH_SEPARATOR=':'
PYTHON=''
PYTHON_BLDLIBRARY=''
PYTHON_EXEC_PREFIX=''
PYTHON_INCDIR=''
PYTHON_LA_LDFLAGS=''
PYTHON_LDFLAGS=''
PYTHON_LDLAST=''
PYTHON_LDLIBRARY=''
PYTHON_LIBDIR=''
PYTHON_LIBP=''
PYTHON_LIBPL=''
PYTHON_LIBS=''
PYTHON_LINKFORSHARED=''
PYTHON_MODLIBS=''
PYTHON_PLATFORM=''
PYTHON_PREFIX=''
PYTHON_SYSLIBS=''
PYTHON_VERSION=''
RANLIB='ranlib'
SED='/bin/sed'
SET_MAKE=''
SHELL='/bin/sh'
STRIP='strip'
SWIG=''
SWIG_FLAGS=''
SWIG_LIB=''
VERSION='0.8.1'
ac_ct_CC='mpicc'
ac_ct_CXX=''
ac_ct_DUMPBIN=''
ac_ct_FC=''
am__EXEEXT_FALSE=''
am__EXEEXT_TRUE='#'
am__fastdepCC_FALSE='#'
am__fastdepCC_TRUE=''
am__fastdepCXX_FALSE='#'
am__fastdepCXX_TRUE=''
am__include='include'
am__isrc=''
am__leading_dot='.'
am__quote=''
am__tar='${AMTAR} chof - "$$tardir"'
am__untar='${AMTAR} xf -'
bindir='${exec_prefix}/bin'
build='x86_64-unknown-linux-gnu'
build_alias=''
build_cpu='x86_64'
build_os='linux-gnu'
build_vendor='unknown'
datadir='${datarootdir}'
datarootdir='${prefix}/share'
docdir='${datarootdir}/doc/${PACKAGE_TARNAME}'
dvidir='${docdir}'
exec_prefix='${prefix}'
have_doxygen=''
host='x86_64-unknown-linux-gnu'
host_alias=''
host_cpu='x86_64'
host_os='linux-gnu'
host_vendor='unknown'
htmldir='${docdir}'
includedir='${prefix}/include'
infodir='${datarootdir}/info'
install_sh='${SHELL} /projects/life9360/software/cencalvm-0.8.1/aux-config/install-sh'
libdir='${exec_prefix}/lib'
libexecdir='${exec_prefix}/libexec'
localedir='${datarootdir}/locale'
localstatedir='${prefix}/var'
lt_ECHO='echo'
mandir='${datarootdir}/man'
mkdir_p='/bin/mkdir -p'
oldincludedir='/usr/include'
pdfdir='${docdir}'
pkgpyexecdir=''
pkgpythondir=''
prefix='/projects/life9360/code/sw4-v1.1'
program_transform_name='s,x,x,'
psdir='${docdir}'
pyexecdir=''
pythondir=''
sbindir='${exec_prefix}/sbin'
sharedstatedir='${prefix}/com'
sysconfdir='${prefix}/etc'
target_alias=''

## ----------- ##
## confdefs.h. ##
## ----------- ##

/* confdefs.h */
#define PACKAGE_NAME "cencalvm"
#define PACKAGE_TARNAME "cencalvm"
#define PACKAGE_VERSION "0.8.1"
#define PACKAGE_STRING "cencalvm 0.8.1"
#define PACKAGE_BUGREPORT "baagaard@usgs.gov"
#define PACKAGE_URL ""
#define PACKAGE "cencalvm"
#define VERSION "0.8.1"
#define FC_FUNC(name,NAME) name ## _
#define FC_FUNC_(name,NAME) name ## _
#define STDC_HEADERS 1
#define HAVE_SYS_TYPES_H 1
#define HAVE_SYS_STAT_H 1
#define HAVE_STDLIB_H 1
#define HAVE_STRING_H 1
#define HAVE_MEMORY_H 1
#define HAVE_STRINGS_H 1
#define HAVE_INTTYPES_H 1
#define HAVE_STDINT_H 1
#define HAVE_UNISTD_H 1
#define HAVE_DLFCN_H 1
#define LT_OBJDIR ".libs/"

configure: exit 0
